2023-11-10 21:03:56,899 : INFO : Start of Prediction
2023-11-10 21:03:56,908 : INFO : run_id:2023-11-10_210356_690806886
2023-11-10 21:03:56,909 : INFO : Start of Preprocessing...
2023-11-10 21:03:56,909 : INFO : Start of feature encoding...
2023-11-10 21:03:56,963 : INFO : End of feature encoding...
2023-11-10 21:03:56,970 : INFO : Start of Droping Columns...
2023-11-10 21:03:56,974 : INFO : End of Droping Columns...
2023-11-10 21:03:56,974 : INFO : Start of finding missing values...
2023-11-10 21:03:56,979 : INFO : End of finding missing values...
2023-11-10 21:03:56,979 : INFO : Start of building final predictset...
2023-11-10 21:03:57,027 : INFO : End of building final predictset...
2023-11-10 21:03:57,028 : INFO : End of Preprocessing...
2023-11-10 21:03:57,029 : INFO : Start of Load Model
2023-11-10 21:03:57,065 : INFO : Model File KMeans loaded
2023-11-10 21:03:57,067 : INFO : End of Load Model
2023-11-10 21:03:57,329 : INFO : clusters loop started
2023-11-10 21:03:57,331 : INFO : Start of finding correct model
2023-11-10 21:03:57,332 : INFO : End of finding correct model
2023-11-10 21:03:57,332 : INFO : Start of Load Model
2023-11-10 21:03:57,352 : INFO : Model File XGBoost0 loaded
2023-11-10 21:03:57,352 : INFO : End of Load Model
2023-11-10 21:03:57,437 : INFO : Shape of Data (1, 9)
2023-11-10 21:03:57,464 : INFO : Shape of Data None
2023-11-10 21:03:57,497 : INFO : Output : [1]
2023-11-10 21:03:57,497 : INFO : End of Prediction
