2023-11-10 21:28:27,941 : INFO : Start of Prediction
2023-11-10 21:28:27,941 : INFO : run_id:2023-11-10_212827_598408704
2023-11-10 21:28:27,941 : INFO : Start of Preprocessing...
2023-11-10 21:28:27,942 : INFO : Start of feature encoding...
2023-11-10 21:28:27,950 : INFO : End of feature encoding...
2023-11-10 21:28:27,954 : INFO : Start of Droping Columns...
2023-11-10 21:28:27,957 : INFO : End of Droping Columns...
2023-11-10 21:28:27,957 : INFO : Start of finding missing values...
2023-11-10 21:28:27,959 : INFO : End of finding missing values...
2023-11-10 21:28:27,959 : INFO : Start of building final predictset...
2023-11-10 21:28:27,972 : INFO : End of building final predictset...
2023-11-10 21:28:27,973 : INFO : End of Preprocessing...
2023-11-10 21:28:27,973 : INFO : Start of Load Model
2023-11-10 21:28:27,974 : INFO : Model File KMeans loaded
2023-11-10 21:28:27,975 : INFO : End of Load Model
2023-11-10 21:28:27,989 : INFO : clusters loop started
2023-11-10 21:28:28,001 : INFO : Start of finding correct model
2023-11-10 21:28:28,001 : INFO : End of finding correct model
2023-11-10 21:28:28,001 : INFO : Start of Load Model
2023-11-10 21:28:28,001 : INFO : Model File XGBoost0 loaded
2023-11-10 21:28:28,001 : INFO : End of Load Model
2023-11-10 21:28:28,023 : INFO : Shape of Data (1, 9)
2023-11-10 21:28:28,035 : INFO : Shape of Data None
2023-11-10 21:28:28,045 : INFO : Output : [1]
2023-11-10 21:28:28,047 : INFO : End of Prediction
