2023-11-10 21:25:26,623 : INFO : Start of Prediction
2023-11-10 21:25:26,623 : INFO : run_id:2023-11-10_212526_892192859
2023-11-10 21:25:26,623 : INFO : Start of Preprocessing...
2023-11-10 21:25:26,623 : INFO : Start of feature encoding...
2023-11-10 21:25:26,639 : INFO : End of feature encoding...
2023-11-10 21:25:26,654 : INFO : Start of Droping Columns...
2023-11-10 21:25:26,654 : INFO : End of Droping Columns...
2023-11-10 21:25:26,654 : INFO : Start of finding missing values...
2023-11-10 21:25:26,654 : INFO : End of finding missing values...
2023-11-10 21:25:26,654 : INFO : Start of building final predictset...
2023-11-10 21:25:26,670 : INFO : End of building final predictset...
2023-11-10 21:25:26,670 : INFO : End of Preprocessing...
2023-11-10 21:25:26,670 : INFO : Start of Load Model
2023-11-10 21:25:26,670 : INFO : Model File KMeans loaded
2023-11-10 21:25:26,670 : INFO : End of Load Model
2023-11-10 21:25:26,731 : INFO : clusters loop started
2023-11-10 21:25:26,734 : INFO : Start of finding correct model
2023-11-10 21:25:26,736 : INFO : End of finding correct model
2023-11-10 21:25:26,736 : INFO : Start of Load Model
2023-11-10 21:25:26,738 : INFO : Model File XGBoost0 loaded
2023-11-10 21:25:26,738 : INFO : End of Load Model
2023-11-10 21:25:26,864 : INFO : Shape of Data (1, 9)
2023-11-10 21:25:26,894 : INFO : Shape of Data None
2023-11-10 21:25:26,918 : INFO : Output : [1]
2023-11-10 21:25:26,918 : INFO : End of Prediction
