2023-11-10 22:03:09,923 : INFO : Start of Prediction
2023-11-10 22:03:09,923 : INFO : run_id:2023-11-10_220309_821482967
2023-11-10 22:03:09,923 : INFO : Start of Preprocessing...
2023-11-10 22:03:09,923 : INFO : Start of feature encoding...
2023-11-10 22:03:09,939 : INFO : End of feature encoding...
2023-11-10 22:03:09,939 : INFO : Start of Droping Columns...
2023-11-10 22:03:09,939 : INFO : End of Droping Columns...
2023-11-10 22:03:09,939 : INFO : Start of finding missing values...
2023-11-10 22:03:09,939 : INFO : End of finding missing values...
2023-11-10 22:03:09,939 : INFO : Start of building final predictset...
2023-11-10 22:03:09,956 : INFO : End of building final predictset...
2023-11-10 22:03:09,956 : INFO : End of Preprocessing...
2023-11-10 22:03:09,956 : INFO : Start of Load Model
2023-11-10 22:03:09,956 : INFO : Model File KMeans loaded
2023-11-10 22:03:09,956 : INFO : End of Load Model
2023-11-10 22:03:10,112 : INFO : clusters loop started
2023-11-10 22:03:10,112 : INFO : Start of finding correct model
2023-11-10 22:03:10,112 : INFO : End of finding correct model
2023-11-10 22:03:10,112 : INFO : Start of Load Model
2023-11-10 22:03:10,112 : INFO : Model File XGBoost0 loaded
2023-11-10 22:03:10,112 : INFO : End of Load Model
2023-11-10 22:03:10,134 : INFO : Shape of Data (1, 9)
2023-11-10 22:03:10,146 : INFO : Shape of Data None
2023-11-10 22:03:10,146 : INFO : Output : [1]
2023-11-10 22:03:10,146 : INFO : End of Prediction
