2023-11-10 21:27:20,621 : INFO : Start of Prediction
2023-11-10 21:27:20,622 : INFO : run_id:2023-11-10_212720_873112507
2023-11-10 21:27:20,622 : INFO : Start of Preprocessing...
2023-11-10 21:27:20,623 : INFO : Start of feature encoding...
2023-11-10 21:27:20,632 : INFO : End of feature encoding...
2023-11-10 21:27:20,637 : INFO : Start of Droping Columns...
2023-11-10 21:27:20,638 : INFO : End of Droping Columns...
2023-11-10 21:27:20,638 : INFO : Start of finding missing values...
2023-11-10 21:27:20,641 : INFO : End of finding missing values...
2023-11-10 21:27:20,641 : INFO : Start of building final predictset...
2023-11-10 21:27:20,656 : INFO : End of building final predictset...
2023-11-10 21:27:20,658 : INFO : End of Preprocessing...
2023-11-10 21:27:20,658 : INFO : Start of Load Model
2023-11-10 21:27:20,659 : INFO : Model File KMeans loaded
2023-11-10 21:27:20,659 : INFO : End of Load Model
2023-11-10 21:27:20,675 : INFO : clusters loop started
2023-11-10 21:27:20,681 : INFO : Start of finding correct model
2023-11-10 21:27:20,681 : INFO : End of finding correct model
2023-11-10 21:27:20,681 : INFO : Start of Load Model
2023-11-10 21:27:20,682 : INFO : Model File XGBoost0 loaded
2023-11-10 21:27:20,682 : INFO : End of Load Model
2023-11-10 21:27:20,695 : INFO : Shape of Data (1, 9)
2023-11-10 21:27:20,713 : INFO : Shape of Data None
2023-11-10 21:27:20,721 : INFO : Output : [1]
2023-11-10 21:27:20,724 : INFO : End of Prediction
