2023-11-10 22:05:09,177 : INFO : Start of Prediction
2023-11-10 22:05:09,178 : INFO : run_id:2023-11-10_220509_203589048
2023-11-10 22:05:09,178 : INFO : Start of Preprocessing...
2023-11-10 22:05:09,178 : INFO : Start of feature encoding...
2023-11-10 22:05:09,187 : INFO : End of feature encoding...
2023-11-10 22:05:09,189 : INFO : Start of Droping Columns...
2023-11-10 22:05:09,191 : INFO : End of Droping Columns...
2023-11-10 22:05:09,191 : INFO : Start of finding missing values...
2023-11-10 22:05:09,194 : INFO : End of finding missing values...
2023-11-10 22:05:09,194 : INFO : Start of building final predictset...
2023-11-10 22:05:09,201 : INFO : End of building final predictset...
2023-11-10 22:05:09,201 : INFO : End of Preprocessing...
2023-11-10 22:05:09,201 : INFO : Start of Load Model
2023-11-10 22:05:09,201 : INFO : Model File KMeans loaded
2023-11-10 22:05:09,201 : INFO : End of Load Model
2023-11-10 22:05:09,210 : INFO : clusters loop started
2023-11-10 22:05:09,213 : INFO : Start of finding correct model
2023-11-10 22:05:09,215 : INFO : End of finding correct model
2023-11-10 22:05:09,215 : INFO : Start of Load Model
2023-11-10 22:05:09,245 : INFO : Model File XGBoost1 loaded
2023-11-10 22:05:09,245 : INFO : End of Load Model
2023-11-10 22:05:09,268 : INFO : Shape of Data (1, 9)
2023-11-10 22:05:09,285 : INFO : Shape of Data None
2023-11-10 22:05:09,286 : INFO : Output : [1]
2023-11-10 22:05:09,286 : INFO : End of Prediction
