2023-11-10 22:01:45,710 : INFO : Start of Prediction
2023-11-10 22:01:45,710 : INFO : run_id:2023-11-10_220145_803496131
2023-11-10 22:01:45,710 : INFO : Start of Preprocessing...
2023-11-10 22:01:45,710 : INFO : Start of feature encoding...
2023-11-10 22:01:45,737 : INFO : End of feature encoding...
2023-11-10 22:01:45,743 : INFO : Start of Droping Columns...
2023-11-10 22:01:45,744 : INFO : End of Droping Columns...
2023-11-10 22:01:45,744 : INFO : Start of finding missing values...
2023-11-10 22:01:45,749 : INFO : End of finding missing values...
2023-11-10 22:01:45,749 : INFO : Start of building final predictset...
2023-11-10 22:01:45,749 : INFO : End of building final predictset...
2023-11-10 22:01:45,749 : INFO : End of Preprocessing...
2023-11-10 22:01:45,749 : INFO : Start of Load Model
2023-11-10 22:01:45,749 : INFO : Model File KMeans loaded
2023-11-10 22:01:45,749 : INFO : End of Load Model
2023-11-10 22:01:45,918 : INFO : clusters loop started
2023-11-10 22:01:45,918 : INFO : Start of finding correct model
2023-11-10 22:01:45,918 : INFO : End of finding correct model
2023-11-10 22:01:45,918 : INFO : Start of Load Model
2023-11-10 22:01:45,918 : INFO : Model File XGBoost0 loaded
2023-11-10 22:01:45,918 : INFO : End of Load Model
2023-11-10 22:01:45,931 : INFO : Shape of Data (1, 9)
2023-11-10 22:01:45,946 : INFO : Shape of Data None
2023-11-10 22:01:45,965 : INFO : Output : [1]
2023-11-10 22:01:45,965 : INFO : End of Prediction
