2023-11-09 23:23:51,285 : INFO : Start of Training
2023-11-09 23:23:51,285 : INFO : Run_id:2023-11-09_232351_894211529
2023-11-09 23:23:51,285 : INFO : Start of Data Load, validation and transformation
2023-11-09 23:23:51,285 : INFO : Start of Archiving Old Rejected Files...
2023-11-09 23:23:51,286 : INFO : End of Archiving Old Rejected Files...
2023-11-09 23:23:51,286 : INFO : Start of Archiving Old Validated Files...
2023-11-09 23:23:51,287 : INFO : End of Archiving Old Validated Files...
2023-11-09 23:23:51,287 : INFO : Start of Archiving Old Processed Files...
2023-11-09 23:23:51,287 : INFO : End of Archiving Old Processed Files...
2023-11-09 23:23:51,287 : INFO : Start of Archiving Old Result Files...
2023-11-09 23:23:51,288 : INFO : End of Archiving Old Result Files...
2023-11-09 23:23:51,288 : INFO : Start of Reading values From Schema...
2023-11-09 23:23:51,305 : INFO : End of Reading values From Schema...
2023-11-09 23:23:51,306 : INFO : Start of Validating Column Length...
2023-11-09 23:23:51,373 : INFO : End of Validating Column Length...
2023-11-09 23:23:51,373 : INFO : Start of Validating Missing Values...
2023-11-09 23:23:51,397 : INFO : End of Validating Missing Values...
2023-11-09 23:23:51,399 : INFO : Start of Replacing Missing Values with NULL...
2023-11-09 23:23:51,499 : INFO : hr_employee_churn_data.csv: File Transformed successfully!!
2023-11-09 23:23:51,500 : INFO : End of Replacing Missing Values with NULL...
2023-11-09 23:23:51,505 : INFO : Start of Creating Table...
2023-11-09 23:23:51,506 : INFO : Opened training database successfully
2023-11-09 23:23:51,538 : INFO : CREATE TABLE training_raw_data_t column_name
2023-11-09 23:23:51,553 : INFO : ALTER TABLE training_raw_data_t ADD COLUMN
2023-11-09 23:23:51,565 : INFO : ALTER TABLE training_raw_data_t ADD COLUMN
2023-11-09 23:23:51,578 : INFO : ALTER TABLE training_raw_data_t ADD COLUMN
2023-11-09 23:23:51,591 : INFO : ALTER TABLE training_raw_data_t ADD COLUMN
2023-11-09 23:23:51,605 : INFO : ALTER TABLE training_raw_data_t ADD COLUMN
2023-11-09 23:23:51,615 : INFO : ALTER TABLE training_raw_data_t ADD COLUMN
2023-11-09 23:23:51,625 : INFO : ALTER TABLE training_raw_data_t ADD COLUMN
2023-11-09 23:23:51,640 : INFO : ALTER TABLE training_raw_data_t ADD COLUMN
2023-11-09 23:23:51,652 : INFO : ALTER TABLE training_raw_data_t ADD COLUMN
2023-11-09 23:23:51,652 : INFO : End of Creating Table...
2023-11-09 23:23:51,655 : INFO : Opened training database successfully
2023-11-09 23:23:51,657 : INFO : Start of Inserting Data into Table...
2023-11-09 23:27:36,175 : INFO : End of Inserting Data into Table...
2023-11-09 23:27:36,238 : INFO : Start of Exporting Data into CSV...
2023-11-09 23:27:36,252 : INFO : Opened training database successfully
2023-11-09 23:27:36,601 : INFO : End of Exporting Data into CSV...
2023-11-09 23:27:36,612 : INFO : Start of Moving Processed Files...
2023-11-09 23:27:36,620 : INFO : Moved the already processed file hr_employee_churn_data.csv
2023-11-09 23:27:36,620 : INFO : End of Moving Processed Files...
2023-11-09 23:27:36,620 : INFO : End of Data Load, validation and transformation
2023-11-09 23:27:36,623 : INFO : Start of Preprocessing...
2023-11-09 23:27:36,624 : INFO : Start of reading dataset...
2023-11-09 23:27:36,964 : INFO : End of reading dataset...
2023-11-09 23:27:36,966 : INFO : Start of Droping Columns...
2023-11-09 23:27:37,022 : INFO : End of Droping Columns...
2023-11-09 23:27:37,022 : INFO : Start of feature encoding...
2023-11-09 23:27:37,092 : INFO : End of feature encoding...
2023-11-09 23:27:37,096 : INFO : Start of Droping Columns...
2023-11-09 23:27:37,100 : INFO : End of Droping Columns...
2023-11-09 23:27:37,100 : INFO : Start of finding missing values...
2023-11-09 23:27:37,145 : INFO : End of finding missing values...
2023-11-09 23:27:37,147 : INFO : Start of imputing missing values...
2023-11-09 23:27:37,245 : INFO : End of imputing missing values...
2023-11-09 23:27:37,246 : INFO : Start of splitting features and label ...
2023-11-09 23:27:37,248 : INFO : End of splitting features and label ...
2023-11-09 23:27:37,248 : INFO : End of Preprocessing...
2023-11-09 23:27:37,251 : INFO : Start of elbow plotting...
2023-11-09 23:27:45,708 : INFO : The optimum number of clusters is: 3
2023-11-09 23:27:45,709 : INFO : End of elbow plotting...
2023-11-09 23:27:45,709 : INFO : Start of Create clusters...
2023-11-09 23:27:45,837 : INFO : Start of Save Models
2023-11-09 23:27:45,837 : INFO : Start of Save Models
2023-11-09 23:27:45,843 : INFO : Model File KMeans saved
2023-11-09 23:27:45,843 : INFO : Model File KMeans saved
2023-11-09 23:27:45,843 : INFO : End of Save Models
2023-11-09 23:27:45,843 : INFO : End of Save Models
2023-11-09 23:27:45,844 : INFO : succesfully created 3clusters.
2023-11-09 23:27:45,844 : INFO : End of Create clusters...
2023-11-09 23:27:45,863 : INFO : Start of finding best model...
2023-11-09 23:27:45,863 : INFO : Start of finding best params for XGBoost algo...
2023-11-09 23:28:15,119 : INFO : XGBoost best params: {'learning_rate': 0.5, 'max_depth': 10, 'n_estimators': 100}
2023-11-09 23:28:15,119 : INFO : End of finding best params for XGBoost algo...
2023-11-09 23:28:15,145 : INFO : AUC for XGBoost:0.9842440647602135
2023-11-09 23:28:15,145 : INFO : Start of finding best params for randomforest algo...
2023-11-09 23:28:29,628 : INFO : Random Forest best params: {'criterion': 'gini', 'max_depth': 3, 'max_features': 'log2', 'n_estimators': 50}
2023-11-09 23:28:29,628 : INFO : End of finding best params for randomforest algo...
2023-11-09 23:28:29,639 : INFO : AUC for XGBoost:0.9652175108725971
2023-11-09 23:28:29,639 : INFO : End of finding best model...
2023-11-09 23:28:29,639 : INFO : Start of Save Models
2023-11-09 23:28:29,639 : INFO : Start of Save Models
2023-11-09 23:28:29,648 : INFO : Model File XGBoost0 saved
2023-11-09 23:28:29,648 : INFO : Model File XGBoost0 saved
2023-11-09 23:28:29,648 : INFO : End of Save Models
2023-11-09 23:28:29,648 : INFO : End of Save Models
2023-11-09 23:28:29,654 : INFO : Start of finding best model...
2023-11-09 23:28:29,654 : INFO : Start of finding best params for XGBoost algo...
2023-11-09 23:28:58,936 : INFO : XGBoost best params: {'learning_rate': 0.1, 'max_depth': 10, 'n_estimators': 100}
2023-11-09 23:28:58,936 : INFO : End of finding best params for XGBoost algo...
2023-11-09 23:28:58,943 : INFO : AUC for XGBoost:0.9773622470479973
2023-11-09 23:28:58,944 : INFO : Start of finding best params for randomforest algo...
2023-11-09 23:29:14,795 : INFO : Random Forest best params: {'criterion': 'gini', 'max_depth': 3, 'max_features': 'log2', 'n_estimators': 130}
2023-11-09 23:29:14,795 : INFO : End of finding best params for randomforest algo...
2023-11-09 23:29:14,812 : INFO : AUC for XGBoost:0.9561306191250204
2023-11-09 23:29:14,812 : INFO : End of finding best model...
2023-11-09 23:29:14,812 : INFO : Start of Save Models
2023-11-09 23:29:14,812 : INFO : Start of Save Models
2023-11-09 23:29:14,862 : INFO : Model File XGBoost1 saved
2023-11-09 23:29:14,862 : INFO : Model File XGBoost1 saved
2023-11-09 23:29:14,863 : INFO : End of Save Models
2023-11-09 23:29:14,863 : INFO : End of Save Models
2023-11-09 23:29:14,868 : INFO : Start of finding best model...
2023-11-09 23:29:14,868 : INFO : Start of finding best params for XGBoost algo...
2023-11-09 23:29:43,814 : INFO : XGBoost best params: {'learning_rate': 0.5, 'max_depth': 5, 'n_estimators': 50}
2023-11-09 23:29:43,815 : INFO : End of finding best params for XGBoost algo...
2023-11-09 23:29:43,822 : INFO : AUC for XGBoost:0.9087937273823884
2023-11-09 23:29:43,822 : INFO : Start of finding best params for randomforest algo...
2023-11-09 23:29:55,781 : INFO : Random Forest best params: {'criterion': 'entropy', 'max_depth': 3, 'max_features': 'log2', 'n_estimators': 10}
2023-11-09 23:29:55,781 : INFO : End of finding best params for randomforest algo...
2023-11-09 23:29:55,785 : INFO : AUC for XGBoost:0.8169843184559712
2023-11-09 23:29:55,785 : INFO : End of finding best model...
2023-11-09 23:29:55,786 : INFO : Start of Save Models
2023-11-09 23:29:55,786 : INFO : Start of Save Models
2023-11-09 23:29:55,790 : INFO : Model File XGBoost2 saved
2023-11-09 23:29:55,790 : INFO : Model File XGBoost2 saved
2023-11-09 23:29:55,792 : INFO : End of Save Models
2023-11-09 23:29:55,792 : INFO : End of Save Models
2023-11-09 23:29:55,793 : INFO : End of Training
